\BOOKMARK [0][-]{chapter.1}{\376\377\000F\000o\000r\000m\000a\000l\000i\000a}{}% 1
\BOOKMARK [1][-]{section.1.1}{\376\377\000I\000n\000d\000l\000e\000d\000n\000i\000n\000g}{chapter.1}% 2
\BOOKMARK [1][-]{section.1.2}{\376\377\000L\000\346\000s\000e\000v\000e\000j\000l\000e\000d\000n\000i\000n\000g}{chapter.1}% 3
\BOOKMARK [1][-]{section.1.3}{\376\377\000p\000r\000o\000b\000l\000e\000m\000f\000o\000r\000m\000u\000l\000e\000r\000i\000n\000g}{chapter.1}% 4
\BOOKMARK [1][-]{section.1.4}{\376\377\000c\000a\000s\000e}{chapter.1}% 5
\BOOKMARK [0][-]{chapter.2}{\376\377\000M\000e\000t\000o\000d\000e\000-\000\040\000o\000g\000\040\000t\000e\000k\000n\000o\000l\000o\000g\000i\000v\000a\000l\000g}{}% 6
\BOOKMARK [1][-]{section.2.1}{\376\377\000U\000d\000v\000i\000k\000l\000i\000n\000g\000\040\000o\000g\000\040\000p\000l\000a\000n\000l\000\346\000g\000n\000i\000n\000g}{chapter.2}% 7
\BOOKMARK [1][-]{section.2.2}{\376\377\000R\000E\000S\000T\000f\000u\000l\000\040\000A\000P\000I\000\040\000A\000r\000k\000i\000t\000e\000k\000t\000u\000r}{chapter.2}% 8
\BOOKMARK [1][-]{section.2.3}{\376\377\000S\000o\000f\000t\000w\000a\000r\000e\000\040\000d\000e\000s\000i\000g\000n\000:\000\040\000S\000O\000L\000I\000D\000-\000p\000r\000i\000n\000c\000i\000p\000p\000e\000r}{chapter.2}% 9
\BOOKMARK [2][-]{subsection.2.3.1}{\376\377\000S\000i\000n\000g\000l\000e\000-\000R\000e\000s\000p\000o\000n\000s\000i\000b\000i\000l\000i\000t\000y\000\040\000P\000r\000i\000n\000c\000i\000p\000l\000e}{section.2.3}% 10
\BOOKMARK [2][-]{subsection.2.3.2}{\376\377\000O\000p\000e\000n\000-\000C\000l\000o\000s\000e\000d\000\040\000P\000r\000i\000n\000c\000i\000p\000l\000e}{section.2.3}% 11
\BOOKMARK [2][-]{subsection.2.3.3}{\376\377\000L\000i\000s\000k\000o\000v\000\040\000S\000u\000b\000s\000t\000i\000t\000u\000t\000i\000o\000n\000\040\000P\000r\000i\000n\000c\000i\000p\000l\000e}{section.2.3}% 12
\BOOKMARK [2][-]{subsection.2.3.4}{\376\377\000I\000n\000t\000e\000r\000f\000a\000c\000e\000\040\000S\000e\000g\000r\000e\000g\000a\000t\000i\000o\000n\000\040\000P\000r\000i\000n\000c\000i\000p\000l\000e}{section.2.3}% 13
\BOOKMARK [2][-]{subsection.2.3.5}{\376\377\000D\000e\000p\000e\000n\000d\000e\000n\000c\000y\000\040\000I\000n\000v\000e\000r\000s\000i\000o\000n\000\040\000P\000r\000i\000n\000c\000i\000p\000l\000e}{section.2.3}% 14
\BOOKMARK [2][-]{subsection.2.3.6}{\376\377\040\035\000D\000u\000c\000k\000\040\000t\000y\000p\000i\000n\000g\040\035\000\040\000o\000g\000\040\000i\000n\000t\000e\000r\000f\000a\000c\000e\000s}{section.2.3}% 15
\BOOKMARK [1][-]{section.2.4}{\376\377\000T\000e\000c\000h\000\040\000S\000t\000a\000c\000k\000:\000\040\000F\000A\000R\000\050\000n\000\051\000M}{chapter.2}% 16
\BOOKMARK [2][-]{subsection.2.4.1}{\376\377\000S\000p\000r\000o\000g\000:\000\040\000P\000y\000t\000h\000o\000n}{section.2.4}% 17
\BOOKMARK [2][-]{subsection.2.4.2}{\376\377\000F\000a\000s\000t\000A\000P\000I}{section.2.4}% 18
\BOOKMARK [2][-]{subsection.2.4.3}{\376\377\000A\000n\000v\000e\000n\000d\000t\000e\000\040\000P\000y\000t\000h\000o\000n\000\040\000o\000g\000\040\000F\000a\000s\000t\000A\000P\000I\000\040\000m\000o\000d\000u\000l\000e\000r}{section.2.4}% 19
\BOOKMARK [2][-]{subsection.2.4.4}{\376\377\000S\000p\000r\000o\000g\000:\000\040\000J\000a\000v\000a\000S\000c\000r\000i\000p\000t}{section.2.4}% 20
\BOOKMARK [2][-]{subsection.2.4.5}{\376\377\000F\000r\000a\000m\000e\000w\000o\000r\000k\000:\000\040\000R\000e\000a\000c\000t\000\040\000N\000a\000t\000i\000v\000e}{section.2.4}% 21
\BOOKMARK [2][-]{subsection.2.4.6}{\376\377\000A\000n\000v\000e\000n\000d\000t\000e\000\040\000J\000a\000v\000a\000S\000c\000r\000i\000p\000t\000\040\000o\000g\000\040\000R\000e\000a\000c\000t\000\040\000N\000a\000t\000i\000v\000e\000\040\000m\000o\000d\000u\000l}{section.2.4}% 22
\BOOKMARK [2][-]{subsection.2.4.7}{\376\377\000M\000o\000n\000g\000o\000D\000B}{section.2.4}% 23
\BOOKMARK [2][-]{subsection.2.4.8}{\376\377\000G\000i\000t\000H\000u\000b}{section.2.4}% 24
\BOOKMARK [2][-]{subsection.2.4.9}{\376\377\000M\000o\000n\000g\000o\000D\000B\000\040\000C\000o\000m\000p\000a\000s\000s}{section.2.4}% 25
\BOOKMARK [2][-]{subsection.2.4.10}{\376\377\000O\000n\000e\000N\000o\000t\000e}{section.2.4}% 26
\BOOKMARK [2][-]{subsection.2.4.11}{\376\377\000S\000w\000a\000g\000g\000e\000r\000\040\000U\000I}{section.2.4}% 27
\BOOKMARK [2][-]{subsection.2.4.12}{\376\377\000T\000e\000x\000M\000a\000k\000e\000r\000\040\000o\000g\000\040\000M\000i\000k\000T\000e\000k}{section.2.4}% 28
\BOOKMARK [2][-]{subsection.2.4.13}{\376\377\000V\000i\000s\000u\000a\000l\000\040\000S\000t\000u\000d\000i\000o\000\040\000C\000o\000d\000e}{section.2.4}% 29
\BOOKMARK [0][-]{chapter.3}{\376\377\000T\000i\000d\000s\000p\000l\000a\000n}{}% 30
\BOOKMARK [1][-]{section.3.1}{\376\377\000E\000s\000t\000i\000m\000e\000r\000e\000t\000\040\000t\000i\000d\000s\000p\000l\000a\000n}{chapter.3}% 31
\BOOKMARK [1][-]{section.3.2}{\376\377\000R\000e\000a\000l\000i\000s\000e\000r\000e\000t\000\040\000t\000i\000d\000s\000p\000l\000a\000n}{chapter.3}% 32
\BOOKMARK [0][-]{chapter.4}{\376\377\000i\000n\000d\000h\000o\000l\000d}{}% 33
\BOOKMARK [0][-]{appendix.A}{\376\377\000F\000o\000r\000e\000l\000\370\000b\000i\000g\000\040\000l\000i\000t\000e\000r\000a\000t\000u\000r\000l\000i\000s\000t\000e}{}% 34
\BOOKMARK [1][-]{section.A.1}{\376\377\000I\000n\000t\000e\000r\000n\000e\000t\000\040\000r\000e\000s\000s\000o\000u\000r\000c\000e\000r}{appendix.A}% 35
